<?xml version="1.0" encoding="utf-8"?><testsuites name="pytest tests"><testsuite name="pytest" errors="0" failures="0" skipped="0" tests="37" time="5.988" timestamp="2026-08-19T14:35:28.367755+00:00" hostname="agent-env-b4430be1-0e0e-492f-b95b-f37c47273394"><testcase classname="tests.test_oauth.TestShopeeCallback" name="test_missing_params_redirects_error" time="0.216" /><testcase classname="tests.test_oauth.TestTestConnection" name="test_requires_auth" time="0.266" /><testcase classname="tests.test_oauth.TestShopeeCallback" name="test_error_param_redirects_error" time="0.135" /><testcase classname="tests.test_oauth.TestShopeeCallback" name="test_bad_state_400" time="0.177" /><testcase classname="tests.test_oauth.TestShopeeCallback" name="test_platform_mismatch_rejected" time="0.172" /><testcase classname="tests.test_oauth.TestShopeeCallback" name="test_expired_state_rejected" time="0.157" /><testcase classname="tests.test_oauth.TestTestConnection" name="test_404_unknown_store" time="0.636" /><testcase classname="tests.test_oauth.TestTestConnection" name="test_no_access_token_400" time="0.404" /><testcase classname="tests.test_oauth.TestTestConnection" name="test_shopee_real_call_returns_error_state" time="1.360" /><testcase classname="tests.test_oauth.TestShopeeCallback" name="test_valid_state_dummy_code_redirects_error" time="1.882" /><testcase classname="tests.test_oauth.TestTestConnection" name="test_tiktok_real_call_returns_error_state" time="0.538" /><testcase classname="tests.backend_test.TestLabelsPDF" name="test_pdf_ok" time="0.268" /><testcase classname="tests.backend_test.TestLabelsPDF" name="test_pdf_empty" time="0.003" /><testcase classname="tests.backend_test.TestLabelsPDF" name="test_pdf_unknown" time="0.004" /><testcase classname="tests.backend_test.TestLabelsPDF" name="test_pdf_401" time="0.002" /><testcase classname="tests.backend_test.TestOrderDetail" name="test_order_detail_ok" time="0.010" /><testcase classname="tests.backend_test.TestOrderDetail" name="test_order_detail_404" time="0.004" /><testcase classname="tests.backend_test.TestOrderDetail" name="test_order_detail_401" time="0.002" /><testcase classname="tests.backend_test.TestThreshold" name="test_update_and_persist" time="0.015" /><testcase classname="tests.backend_test.TestThreshold" name="test_negative_422" time="0.010" /><testcase classname="tests.backend_test.TestThreshold" name="test_missing_404" time="0.004" /><testcase classname="tests.test_oauth.TestTikTokCallback" name="test_missing_params_redirects_error" time="0.139" /><testcase classname="tests.test_oauth.TestShopeeOAuthStart" name="test_start_requires_auth" time="0.132" /><testcase classname="tests.test_oauth.TestTikTokCallback" name="test_platform_mismatch_rejected" time="0.148" /><testcase classname="tests.test_oauth.TestShopeeOAuthStart" name="test_start_missing_creds_400" time="0.183" /><testcase classname="tests.test_oauth.TestTikTokCallback" name="test_valid_state_dummy_code_redirects_error" time="0.634" /><testcase classname="tests.test_oauth.TestShopeeOAuthStart" name="test_start_returns_signed_url" time="0.171" /><testcase classname="tests.test_oauth.TestShopeeOAuthStart" name="test_start_404_unknown_store" time="0.168" /><testcase classname="tests.test_oauth.TestTikTokOAuthStart" name="test_start_returns_authorize_url" time="0.177" /><testcase classname="tests.test_oauth.TestStorePatchAndSchema" name="test_store_out_fields" time="0.175" /><testcase classname="tests.test_oauth.TestTikTokOAuthStart" name="test_start_missing_creds_400" time="0.135" /><testcase classname="tests.test_oauth.TestStorePatchAndSchema" name="test_patch_accepts_new_fields" time="0.557" /><testcase classname="tests.backend_test.TestStoresUpdate" name="test_patch_store" time="0.294" /><testcase classname="tests.backend_test.TestSettings" name="test_get_put_settings" time="0.019" /><testcase classname="tests.test_oauth.TestAutoRefresh" name="test_expired_token_without_refresh_token_no_crash" time="0.863" /><testcase classname="tests.test_oauth.TestStorePatchAndSchema" name="test_patch_requires_auth" time="0.154" /><testcase classname="tests.backend_test.TestWebhookLowStock" name="test_webhook_low_stock" time="0.023" /></testsuite></testsuites>