<?xml version="1.0" encoding="utf-8"?><testsuites name="pytest tests"><testsuite name="pytest" errors="0" failures="0" skipped="0" tests="13" time="1.216" timestamp="2026-08-18T16:48:45.630318+00:00" hostname="agent-env-b4430be1-0e0e-492f-b95b-f37c47273394"><testcase classname="tests.backend_test.TestOrderDetail" name="test_order_detail_ok" time="0.532" /><testcase classname="tests.backend_test.TestLabelsPDF" name="test_pdf_ok" time="0.533" /><testcase classname="tests.backend_test.TestLabelsPDF" name="test_pdf_empty" time="0.005" /><testcase classname="tests.backend_test.TestOrderDetail" name="test_order_detail_404" time="0.006" /><testcase classname="tests.backend_test.TestLabelsPDF" name="test_pdf_unknown" time="0.005" /><testcase classname="tests.backend_test.TestOrderDetail" name="test_order_detail_401" time="0.003" /><testcase classname="tests.backend_test.TestThreshold" name="test_update_and_persist" time="0.035" /><testcase classname="tests.backend_test.TestLabelsPDF" name="test_pdf_401" time="0.004" /><testcase classname="tests.backend_test.TestStoresUpdate" name="test_patch_store" time="0.070" /><testcase classname="tests.backend_test.TestThreshold" name="test_negative_422" time="0.004" /><testcase classname="tests.backend_test.TestThreshold" name="test_missing_404" time="0.005" /><testcase classname="tests.backend_test.TestSettings" name="test_get_put_settings" time="0.020" /><testcase classname="tests.backend_test.TestWebhookLowStock" name="test_webhook_low_stock" time="0.015" /></testsuite></testsuites>