<?xml version="1.0" encoding="utf-8"?><testsuites name="pytest tests"><testsuite name="pytest" errors="0" failures="0" skipped="0" tests="20" time="5.787" timestamp="2026-08-19T14:41:17.365778+00:00" hostname="agent-env-b4430be1-0e0e-492f-b95b-f37c47273394"><testcase classname="tests.test_oauth_fixes.TestIsAuthorizedField" name="test_all_seeded_stores_not_authorized" time="0.511" /><testcase classname="tests.test_oauth_fixes.TestIsAuthorizedField" name="test_is_authorized_true_for_real_token" time="0.497" /><testcase classname="tests.test_oauth_fixes.TestTestConnectionValidation" name="test_missing_partner_credentials_400" time="0.152" /><testcase classname="tests.test_oauth_fixes.TestTestConnectionValidation" name="test_missing_access_token_400" time="0.160" /><testcase classname="tests.test_oauth_fixes.TestTestConnectionValidation" name="test_shopee_missing_shop_id_400" time="0.130" /><testcase classname="tests.test_oauth_fixes.TestTestConnectionValidation" name="test_shopee_genuine_marketplace_error_clean" time="1.000" /><testcase classname="tests.test_oauth_fixes.TestTestConnectionValidation" name="test_tiktok_genuine_marketplace_error_clean_no_invalid_path" time="0.513" /><testcase classname="tests.test_oauth_fixes.TestCallbackStateRedirects" name="test_shopee_invalid_state_redirects" time="0.122" /><testcase classname="tests.test_oauth_fixes.TestCallbackStateRedirects" name="test_shopee_platform_mismatch_redirects" time="0.172" /><testcase classname="tests.test_oauth_fixes.TestCallbackStateRedirects" name="test_expired_state_redirects" time="0.162" /><testcase classname="tests.test_oauth_fixes.TestCallbackStateRedirects" name="test_tiktok_invalid_state_redirects" time="0.153" /><testcase classname="tests.test_oauth_fixes.TestCallbackStateRedirects" name="test_tiktok_valid_state_dummy_code_redirects_error" time="0.466" /><testcase classname="tests.test_oauth_fixes.TestTikTokClientDirect" name="test_exchange_code_hits_auth_host_and_raises_tiktokerror" time="0.364" /><testcase classname="tests.test_oauth_fixes.TestTikTokClientDirect" name="test_refresh_token_raises_tiktokerror" time="0.318" /><testcase classname="tests.test_oauth_fixes.TestTikTokClientDirect" name="test_hosts_and_paths_configured" time="0.000" /><testcase classname="tests.test_oauth_fixes.TestTikTokClientDirect" name="test_get_authorized_shops_null_guard" time="0.000" /><testcase classname="tests.test_oauth_fixes.TestRegressionOAuthStart" name="test_shopee_start_signed_url" time="0.161" /><testcase classname="tests.test_oauth_fixes.TestRegressionOAuthStart" name="test_tiktok_start_url" time="0.225" /><testcase classname="tests.test_oauth_fixes.TestRegressionOAuthStart" name="test_patch_accepts_documented_fields" time="0.279" /><testcase classname="tests.test_oauth_fixes.TestRegressionOAuthStart" name="test_unauthenticated_401" time="0.315" /></testsuite></testsuites>